850989 115018 525
153293 890348 525
403033 294906 441
965680 672125 525
145853 106623 375
591347 329251 470
348134 476285 449
351737 610734 470
97024 731998 509
200578 901943 525
513683 99890 470
198871 500653 449
736677 839556 525
678266 433058 509
244916 817134 509
299558 48459 443
563935 136745 470
922727 63625 525
387116 513800 470
834663 44619 509
963494 396050 525
295483 534708 470
355772 491736 449
759459 719264 424
245569 51281 443
832446 903225 525
130140 496119 449
753709 800905 468
348675 243754 441
977172 333506 525
742870 730204 424
775617 530602 509
721747 495205 509
388486 191729 443
863404 159769 525
402578 82365 443
289228 775926 509
690342 492324 509
623255 373417 470
350978 559847 470
131748 797432 509
481142 372644 449
509661 504231 382
982965 251603 525
608268 50617 470
131007 484353 449
774289 493135 509
160580 3892 383
215367 308871 443
875401 246391 525
874980 515440 525
96931 832851 509
167906 940234 525
234331 235209 337
969877 791289 525
752353 615721 509
128622 32188 354
980118 887243 507
646873 585341 509
396380 832672 509
938418 321905 525
110926 386771 443
361342 665546 509
950606 625218 525
424118 150680 449
685041 989348 525
662797 701519 442
859358 674707 525
609715 534074 452
299437 838648 525
924574 203610 525
861681 247956 525
929063 739017 525
495726 666993 509
467798 986613 525
107045 29777 354
148034 216106 383
39121 249791 443
775721 992185 525
835536 983559 525
993047 347925 525
575783 474098 470
446506 938774 525
938896 973419 507
323809 568107 470
631504 955150 525
459109 672435 509
894822 195357 525
910993 11088 525
788759 258442 509
995958 750814 525
942398 336744 525
526648 401611 470
842762 72359 525
74636 554566 470
89865 704710 509
199772 175425 365
137738 730113 509
427401 867872 525
159999 832670 509
266799 940845 525
274176 631768 509
707704 225175 509
199037 179591 365
75946 377515 443
676947 817424 504
175491 671607 509
888021 253830 525
530199 967603 525
16631 149133 375
838706 186814 525
163349 221560 386
231334 827200 509
419526 378998 449
766230 59643 509
446341 151954 449
601166 10932 470
237232 545238 470
409288 42251 443
169630 577143 470
849624 770253 525
734810 593121 509
392284 61570 443
879253 837645 525
71835 645162 509
283183 973019 525
745426 546957 509
138018 536181 470
961465 829551 525
743198 201304 509
505834 969788 525
88821 864202 525
39110 426891 449
618217 753279 509
900601 64685 525
911385 253507 525
251816 652434 509
396739 361211 436
673995 364326 509
368975 79166 443
261691 535236 470
505129 470332 426
381364 497987 449
25337 341320 443
162998 595506 470
328508 2768 443
403874 268962 441
688099 946478 525
241443 100295 443
872807 463124 525
